Using pre-set license
Built from '2020.3/staging' branch; Version is '2020.3.3f1 (76626098c1c4) revision 7758432'; Using compiler version '192528614'; Build Type 'Release'
OS: 'Windows 10 Enterprise 2016 LTSB; OS build 14393.4402; Version 1607; 64bit' Language: 'ru' Physical Memory: 16365 MB
BatchMode: 1, IsHumanControllingUs: 0, StartBugReporterOnCrash: 0, Is64bit: 1, IsPro: 0

 COMMAND LINE ARGUMENTS:
C:\Program Files\Unity\Hub\Editor\2020.3.3f1\Editor\Unity.exe
-adb2
-batchMode
-noUpm
-name
AssetImportWorker0
-projectPath
P:/Unity_Asset/ijunior_baseLevel/08_MainMenu/08_MainMenu/08_MainMenu/08_MainMenu
-logFile
Logs/AssetImportWorker0.log
-srvPort
59556
Successfully changed project path to: P:/Unity_Asset/ijunior_baseLevel/08_MainMenu/08_MainMenu/08_MainMenu/08_MainMenu
P:/Unity_Asset/ijunior_baseLevel/08_MainMenu/08_MainMenu/08_MainMenu/08_MainMenu
Using Asset Import Pipeline V2.
Refreshing native plugins compatible for Editor in 54.75 ms, found 1 plugins.
Preloading 0 native plugins for Editor in 0.00 ms.
Initialize engine version: 2020.3.3f1 (76626098c1c4)
[Subsystems] Discovering subsystems at path C:/Program Files/Unity/Hub/Editor/2020.3.3f1/Editor/Data/Resources/UnitySubsystems
[Subsystems] Discovering subsystems at path P:/Unity_Asset/ijunior_baseLevel/08_MainMenu/08_MainMenu/08_MainMenu/08_MainMenu/Assets
GfxDevice: creating device client; threaded=0
Direct3D:
    Version:  Direct3D 11.0 [level 11.1]
    Renderer: NVIDIA GeForce GTX 1070 (ID=0x1b81)
    Vendor:   
    VRAM:     8092 MB
    Driver:   27.21.14.6627
Initialize mono
Mono path[0] = 'C:/Program Files/Unity/Hub/Editor/2020.3.3f1/Editor/Data/Managed'
Mono path[1] = 'C:/Program Files/Unity/Hub/Editor/2020.3.3f1/Editor/Data/MonoBleedingEdge/lib/mono/unityjit'
Mono config path = 'C:/Program Files/Unity/Hub/Editor/2020.3.3f1/Editor/Data/MonoBleedingEdge/etc'
Using monoOptions --debugger-agent=transport=dt_socket,embedding=1,server=y,suspend=n,address=127.0.0.1:56384
Begin MonoManager ReloadAssembly
Registering precompiled unity dll's ...
Register platform support module: C:/Program Files/Unity/Hub/Editor/2020.3.3f1/Editor/Data/PlaybackEngines/WebGLSupport/UnityEditor.WebGL.Extensions.dll
Register platform support module: C:/Program Files/Unity/Hub/Editor/2020.3.3f1/Editor/Data/PlaybackEngines/WindowsStandaloneSupport/UnityEditor.WindowsStandalone.Extensions.dll
Registered in 0.003631 seconds.
Native extension for WindowsStandalone target not found
Native extension for WebGL target not found
Refreshing native plugins compatible for Editor in 53.15 ms, found 1 plugins.
Preloading 0 native plugins for Editor in 0.00 ms.
Invoked RoslynAnalysisRunner static constructor.
RoslynAnalysisRunner will not be running.
RoslynAnalysisRunner has terminated.
Mono: successfully reloaded assembly
- Completed reload, in  3.940 seconds
Platform modules already initialized, skipping
Registering precompiled user dll's ...
Registered in 0.003569 seconds.
Begin MonoManager ReloadAssembly
Native extension for WindowsStandalone target not found
Native extension for WebGL target not found
Refreshing native plugins compatible for Editor in 50.01 ms, found 1 plugins.
Preloading 0 native plugins for Editor in 0.00 ms.
Invoked RoslynAnalysisRunner static constructor.
RoslynAnalysisRunner will not be running.
RoslynAnalysisRunner has terminated.
Mono: successfully reloaded assembly
- Completed reload, in  1.210 seconds
Platform modules already initialized, skipping
========================================================================
Worker process is ready to serve import requests
Launched and connected shader compiler UnityShaderCompiler.exe after 0.06 seconds
Refreshing native plugins compatible for Editor in 0.59 ms, found 1 plugins.
Preloading 0 native plugins for Editor in 0.00 ms.
Unloading 1825 Unused Serialized files (Serialized files now loaded: 0)
System memory in use before: 86.3 MB.
System memory in use after: 86.3 MB.

Unloading 26 unused Assets to reduce memory usage. Loaded Objects now: 2275.
Total: 2.615587 ms (FindLiveObjects: 0.193325 ms CreateObjectMapping: 0.102966 ms MarkObjects: 2.132575 ms  DeleteObjects: 0.184319 ms)

========================================================================
Received Import Request.
  path: Assets/Scripts/PublishDescriptionText.cs
  artifactKey: Guid(4e6eb3435ed846049b4289b8c5329758) Importer(815301076,1909f56bfc062723c751e8b465ee728b)
Start importing Assets/Scripts/PublishDescriptionText.cs using Guid(4e6eb3435ed846049b4289b8c5329758) Importer(815301076,1909f56bfc062723c751e8b465ee728b)  -> (artifact id: '331e47960f86c0eb6eee4b80a2b3e5d8') in 0.076987 seconds
  Import took 0.081557 seconds .

========================================================================
Received Import Request.
  Time since last request: 0.315369 seconds.
  path: Assets/Scripts/PublishDescriptionText.cs
  artifactKey: Guid(4e6eb3435ed846049b4289b8c5329758) Importer(815301076,1909f56bfc062723c751e8b465ee728b)
Start importing Assets/Scripts/PublishDescriptionText.cs using Guid(4e6eb3435ed846049b4289b8c5329758) Importer(815301076,1909f56bfc062723c751e8b465ee728b)  -> (artifact id: '331e47960f86c0eb6eee4b80a2b3e5d8') in 0.003081 seconds
  Import took 0.006354 seconds .

========================================================================
Received Prepare
Registering precompiled user dll's ...
Registered in 0.003650 seconds.
Begin MonoManager ReloadAssembly
Native extension for WindowsStandalone target not found
Native extension for WebGL target not found
Refreshing native plugins compatible for Editor in 0.53 ms, found 1 plugins.
Preloading 0 native plugins for Editor in 0.00 ms.
Invoked RoslynAnalysisRunner static constructor.
RoslynAnalysisRunner will not be running.
RoslynAnalysisRunner has terminated.
Mono: successfully reloaded assembly
- Completed reload, in  1.115 seconds
Platform modules already initialized, skipping
Refreshing native plugins compatible for Editor in 0.51 ms, found 1 plugins.
Preloading 0 native plugins for Editor in 0.00 ms.
Unloading 1820 Unused Serialized files (Serialized files now loaded: 0)
System memory in use before: 86.3 MB.
System memory in use after: 86.3 MB.

Unloading 15 unused Assets to reduce memory usage. Loaded Objects now: 2279.
Total: 2.315393 ms (FindLiveObjects: 0.184619 ms CreateObjectMapping: 0.068444 ms MarkObjects: 1.929644 ms  DeleteObjects: 0.131785 ms)

========================================================================
Received Import Request.
  Time since last request: 153.109423 seconds.
  path: Assets/Scripts/PublishDescriptionText.cs
  artifactKey: Guid(4e6eb3435ed846049b4289b8c5329758) Importer(815301076,1909f56bfc062723c751e8b465ee728b)
Start importing Assets/Scripts/PublishDescriptionText.cs using Guid(4e6eb3435ed846049b4289b8c5329758) Importer(815301076,1909f56bfc062723c751e8b465ee728b)  -> (artifact id: '6373475223cd6d429f3e06b78bc85a91') in 0.007061 seconds
  Import took 0.010353 seconds .

========================================================================
Received Prepare
Registering precompiled user dll's ...
Registered in 0.004124 seconds.
Begin MonoManager ReloadAssembly
Native extension for WindowsStandalone target not found
Native extension for WebGL target not found
Refreshing native plugins compatible for Editor in 0.50 ms, found 1 plugins.
Preloading 0 native plugins for Editor in 0.00 ms.
Invoked RoslynAnalysisRunner static constructor.
RoslynAnalysisRunner will not be running.
RoslynAnalysisRunner has terminated.
Mono: successfully reloaded assembly
- Completed reload, in  1.129 seconds
Platform modules already initialized, skipping
Refreshing native plugins compatible for Editor in 0.52 ms, found 1 plugins.
Preloading 0 native plugins for Editor in 0.00 ms.
Unloading 1820 Unused Serialized files (Serialized files now loaded: 0)
System memory in use before: 86.3 MB.
System memory in use after: 86.3 MB.

Unloading 15 unused Assets to reduce memory usage. Loaded Objects now: 2283.
Total: 2.329502 ms (FindLiveObjects: 0.184019 ms CreateObjectMapping: 0.068144 ms MarkObjects: 1.912833 ms  DeleteObjects: 0.162705 ms)

========================================================================
Received Prepare
Registering precompiled user dll's ...
Registered in 0.004165 seconds.
Begin MonoManager ReloadAssembly
Native extension for WindowsStandalone target not found
Native extension for WebGL target not found
Refreshing native plugins compatible for Editor in 0.54 ms, found 1 plugins.
Preloading 0 native plugins for Editor in 0.00 ms.
Invoked RoslynAnalysisRunner static constructor.
RoslynAnalysisRunner will not be running.
RoslynAnalysisRunner has terminated.
Mono: successfully reloaded assembly
- Completed reload, in  1.501 seconds
Platform modules already initialized, skipping
Refreshing native plugins compatible for Editor in 0.62 ms, found 1 plugins.
Preloading 0 native plugins for Editor in 0.00 ms.
Unloading 1820 Unused Serialized files (Serialized files now loaded: 0)
System memory in use before: 86.3 MB.
System memory in use after: 86.3 MB.

Unloading 15 unused Assets to reduce memory usage. Loaded Objects now: 2287.
Total: 2.470293 ms (FindLiveObjects: 0.185219 ms CreateObjectMapping: 0.068744 ms MarkObjects: 2.058127 ms  DeleteObjects: 0.156701 ms)

AssetImportWorkerClient::OnTransportError - code=2 error=End of file
