Using pre-set license
Built from '2020.3/staging' branch; Version is '2020.3.3f1 (76626098c1c4) revision 7758432'; Using compiler version '192528614'; Build Type 'Release'
OS: 'Windows 10 Enterprise 2016 LTSB; OS build 14393.4402; Version 1607; 64bit' Language: 'ru' Physical Memory: 16365 MB
BatchMode: 1, IsHumanControllingUs: 0, StartBugReporterOnCrash: 0, Is64bit: 1, IsPro: 0

 COMMAND LINE ARGUMENTS:
C:\Program Files\Unity\Hub\Editor\2020.3.3f1\Editor\Unity.exe
-adb2
-batchMode
-noUpm
-name
AssetImportWorker0
-projectPath
P:/Unity_Asset/ijunior_baseLevel/08_MainMenu/08_MainMenu/08_MainMenu/08_MainMenu
-logFile
Logs/AssetImportWorker0.log
-srvPort
56149
Successfully changed project path to: P:/Unity_Asset/ijunior_baseLevel/08_MainMenu/08_MainMenu/08_MainMenu/08_MainMenu
P:/Unity_Asset/ijunior_baseLevel/08_MainMenu/08_MainMenu/08_MainMenu/08_MainMenu
Using Asset Import Pipeline V2.
Refreshing native plugins compatible for Editor in 55.04 ms, found 1 plugins.
Preloading 0 native plugins for Editor in 0.00 ms.
Initialize engine version: 2020.3.3f1 (76626098c1c4)
[Subsystems] Discovering subsystems at path C:/Program Files/Unity/Hub/Editor/2020.3.3f1/Editor/Data/Resources/UnitySubsystems
[Subsystems] Discovering subsystems at path P:/Unity_Asset/ijunior_baseLevel/08_MainMenu/08_MainMenu/08_MainMenu/08_MainMenu/Assets
GfxDevice: creating device client; threaded=0
Direct3D:
    Version:  Direct3D 11.0 [level 11.1]
    Renderer: NVIDIA GeForce GTX 1070 (ID=0x1b81)
    Vendor:   
    VRAM:     8092 MB
    Driver:   27.21.14.6627
Initialize mono
Mono path[0] = 'C:/Program Files/Unity/Hub/Editor/2020.3.3f1/Editor/Data/Managed'
Mono path[1] = 'C:/Program Files/Unity/Hub/Editor/2020.3.3f1/Editor/Data/MonoBleedingEdge/lib/mono/unityjit'
Mono config path = 'C:/Program Files/Unity/Hub/Editor/2020.3.3f1/Editor/Data/MonoBleedingEdge/etc'
Using monoOptions --debugger-agent=transport=dt_socket,embedding=1,server=y,suspend=n,address=127.0.0.1:56232
Begin MonoManager ReloadAssembly
Registering precompiled unity dll's ...
Register platform support module: C:/Program Files/Unity/Hub/Editor/2020.3.3f1/Editor/Data/PlaybackEngines/WebGLSupport/UnityEditor.WebGL.Extensions.dll
Register platform support module: C:/Program Files/Unity/Hub/Editor/2020.3.3f1/Editor/Data/PlaybackEngines/WindowsStandaloneSupport/UnityEditor.WindowsStandalone.Extensions.dll
Registered in 0.005354 seconds.
Native extension for WindowsStandalone target not found
Native extension for WebGL target not found
Refreshing native plugins compatible for Editor in 53.28 ms, found 1 plugins.
Preloading 0 native plugins for Editor in 0.00 ms.
Invoked RoslynAnalysisRunner static constructor.
RoslynAnalysisRunner will not be running.
RoslynAnalysisRunner has terminated.
Mono: successfully reloaded assembly
- Completed reload, in  4.394 seconds
Platform modules already initialized, skipping
Registering precompiled user dll's ...
Registered in 0.003797 seconds.
Begin MonoManager ReloadAssembly
Native extension for WindowsStandalone target not found
Native extension for WebGL target not found
Refreshing native plugins compatible for Editor in 94.05 ms, found 1 plugins.
Preloading 0 native plugins for Editor in 0.00 ms.
Invoked RoslynAnalysisRunner static constructor.
RoslynAnalysisRunner will not be running.
RoslynAnalysisRunner has terminated.
Mono: successfully reloaded assembly
- Completed reload, in  2.274 seconds
Platform modules already initialized, skipping
========================================================================
Worker process is ready to serve import requests
Launched and connected shader compiler UnityShaderCompiler.exe after 0.07 seconds
Refreshing native plugins compatible for Editor in 0.76 ms, found 1 plugins.
Preloading 0 native plugins for Editor in 0.00 ms.
Unloading 1825 Unused Serialized files (Serialized files now loaded: 0)
System memory in use before: 86.3 MB.
System memory in use after: 86.3 MB.

Unloading 26 unused Assets to reduce memory usage. Loaded Objects now: 2275.
Total: 3.696594 ms (FindLiveObjects: 0.315504 ms CreateObjectMapping: 0.088557 ms MarkObjects: 3.048474 ms  DeleteObjects: 0.241957 ms)

========================================================================
Received Import Request.
  path: Assets/Scripts/ClickingOnSoundButtons.cs
  artifactKey: Guid(44ba999b44e342b4b86dad3b123fc833) Importer(815301076,1909f56bfc062723c751e8b465ee728b)
Start importing Assets/Scripts/ClickingOnSoundButtons.cs using Guid(44ba999b44e342b4b86dad3b123fc833) Importer(815301076,1909f56bfc062723c751e8b465ee728b)  -> (artifact id: '09d04c361ef9d4eb7ec01768158fda2f') in 0.101915 seconds
  Import took 0.109249 seconds .

========================================================================
Received Import Request.
  Time since last request: 8.074159 seconds.
  path: Assets/Scripts/ClickingOnMainButtons.cs
  artifactKey: Guid(9471ec7e8c0cd2a45a1fc0921653ecd1) Importer(815301076,1909f56bfc062723c751e8b465ee728b)
Start importing Assets/Scripts/ClickingOnMainButtons.cs using Guid(9471ec7e8c0cd2a45a1fc0921653ecd1) Importer(815301076,1909f56bfc062723c751e8b465ee728b)  -> (artifact id: 'dd841a389cb28ecad14b98cb37392b23') in 0.022207 seconds
  Import took 0.034019 seconds .

========================================================================
Received Import Request.
  Time since last request: 7.073043 seconds.
  path: Assets/Scripts/PublishDescriptionText.cs
  artifactKey: Guid(4e6eb3435ed846049b4289b8c5329758) Importer(815301076,1909f56bfc062723c751e8b465ee728b)
Start importing Assets/Scripts/PublishDescriptionText.cs using Guid(4e6eb3435ed846049b4289b8c5329758) Importer(815301076,1909f56bfc062723c751e8b465ee728b)  -> (artifact id: '375cb7dd098afeddf64a6d2562b9a333') in 0.003594 seconds
  Import took 0.008088 seconds .

========================================================================
Received Import Request.
  Time since last request: 1634.103362 seconds.
  path: Assets/Scripts/PublishDescriptionText.cs
  artifactKey: Guid(4e6eb3435ed846049b4289b8c5329758) Importer(815301076,1909f56bfc062723c751e8b465ee728b)
Start importing Assets/Scripts/PublishDescriptionText.cs using Guid(4e6eb3435ed846049b4289b8c5329758) Importer(815301076,1909f56bfc062723c751e8b465ee728b)  -> (artifact id: 'b906ea5161081e2d622c043eb72ba209') in 0.003610 seconds
  Import took 0.007674 seconds .

========================================================================
Received Prepare
Registering precompiled user dll's ...
Registered in 0.003659 seconds.
Begin MonoManager ReloadAssembly
Native extension for WindowsStandalone target not found
Native extension for WebGL target not found
Refreshing native plugins compatible for Editor in 0.50 ms, found 1 plugins.
Preloading 0 native plugins for Editor in 0.00 ms.
Invoked RoslynAnalysisRunner static constructor.
RoslynAnalysisRunner will not be running.
RoslynAnalysisRunner has terminated.
Mono: successfully reloaded assembly
- Completed reload, in  1.117 seconds
Platform modules already initialized, skipping
Refreshing native plugins compatible for Editor in 0.50 ms, found 1 plugins.
Preloading 0 native plugins for Editor in 0.00 ms.
Unloading 1820 Unused Serialized files (Serialized files now loaded: 0)
System memory in use before: 86.3 MB.
System memory in use after: 86.3 MB.

Unloading 15 unused Assets to reduce memory usage. Loaded Objects now: 2279.
Total: 2.504221 ms (FindLiveObjects: 0.228148 ms CreateObjectMapping: 0.075349 ms MarkObjects: 2.061135 ms  DeleteObjects: 0.138390 ms)

========================================================================
Received Prepare
Registering precompiled user dll's ...
Registered in 0.003808 seconds.
Begin MonoManager ReloadAssembly
Native extension for WindowsStandalone target not found
Native extension for WebGL target not found
Refreshing native plugins compatible for Editor in 0.51 ms, found 1 plugins.
Preloading 0 native plugins for Editor in 0.00 ms.
Invoked RoslynAnalysisRunner static constructor.
RoslynAnalysisRunner will not be running.
RoslynAnalysisRunner has terminated.
Mono: successfully reloaded assembly
- Completed reload, in  1.089 seconds
Platform modules already initialized, skipping
Refreshing native plugins compatible for Editor in 0.51 ms, found 1 plugins.
Preloading 0 native plugins for Editor in 0.00 ms.
Unloading 1820 Unused Serialized files (Serialized files now loaded: 0)
System memory in use before: 86.3 MB.
System memory in use after: 86.3 MB.

Unloading 15 unused Assets to reduce memory usage. Loaded Objects now: 2283.
Total: 2.149992 ms (FindLiveObjects: 0.190323 ms CreateObjectMapping: 0.067544 ms MarkObjects: 1.748932 ms  DeleteObjects: 0.141992 ms)

========================================================================
Received Prepare
Registering precompiled user dll's ...
Registered in 0.004996 seconds.
Begin MonoManager ReloadAssembly
Native extension for WindowsStandalone target not found
Native extension for WebGL target not found
Refreshing native plugins compatible for Editor in 0.50 ms, found 1 plugins.
Preloading 0 native plugins for Editor in 0.00 ms.
Invoked RoslynAnalysisRunner static constructor.
RoslynAnalysisRunner will not be running.
RoslynAnalysisRunner has terminated.
Mono: successfully reloaded assembly
- Completed reload, in  1.058 seconds
Platform modules already initialized, skipping
Refreshing native plugins compatible for Editor in 0.51 ms, found 1 plugins.
Preloading 0 native plugins for Editor in 0.00 ms.
Unloading 1820 Unused Serialized files (Serialized files now loaded: 0)
System memory in use before: 86.3 MB.
System memory in use after: 86.3 MB.

Unloading 15 unused Assets to reduce memory usage. Loaded Objects now: 2287.
Total: 2.272471 ms (FindLiveObjects: 0.168709 ms CreateObjectMapping: 0.065442 ms MarkObjects: 1.890324 ms  DeleteObjects: 0.146795 ms)

========================================================================
Received Prepare
Registering precompiled user dll's ...
Registered in 0.003733 seconds.
Begin MonoManager ReloadAssembly
Native extension for WindowsStandalone target not found
Native extension for WebGL target not found
Refreshing native plugins compatible for Editor in 0.53 ms, found 1 plugins.
Preloading 0 native plugins for Editor in 0.00 ms.
Invoked RoslynAnalysisRunner static constructor.
RoslynAnalysisRunner will not be running.
RoslynAnalysisRunner has terminated.
Mono: successfully reloaded assembly
- Completed reload, in  1.161 seconds
Platform modules already initialized, skipping
Refreshing native plugins compatible for Editor in 0.51 ms, found 1 plugins.
Preloading 0 native plugins for Editor in 0.00 ms.
Unloading 1820 Unused Serialized files (Serialized files now loaded: 0)
System memory in use before: 86.4 MB.
System memory in use after: 86.3 MB.

Unloading 15 unused Assets to reduce memory usage. Loaded Objects now: 2291.
Total: 2.285980 ms (FindLiveObjects: 0.193325 ms CreateObjectMapping: 0.068144 ms MarkObjects: 1.890324 ms  DeleteObjects: 0.132686 ms)

========================================================================
Received Prepare
Registering precompiled user dll's ...
Registered in 0.003814 seconds.
Begin MonoManager ReloadAssembly
Native extension for WindowsStandalone target not found
Native extension for WebGL target not found
Refreshing native plugins compatible for Editor in 0.50 ms, found 1 plugins.
Preloading 0 native plugins for Editor in 0.00 ms.
Invoked RoslynAnalysisRunner static constructor.
RoslynAnalysisRunner will not be running.
RoslynAnalysisRunner has terminated.
Mono: successfully reloaded assembly
- Completed reload, in  1.116 seconds
Platform modules already initialized, skipping
Refreshing native plugins compatible for Editor in 0.52 ms, found 1 plugins.
Preloading 0 native plugins for Editor in 0.00 ms.
Unloading 1820 Unused Serialized files (Serialized files now loaded: 0)
System memory in use before: 86.4 MB.
System memory in use after: 86.3 MB.

Unloading 15 unused Assets to reduce memory usage. Loaded Objects now: 2295.
Total: 2.264066 ms (FindLiveObjects: 0.172011 ms CreateObjectMapping: 0.066343 ms MarkObjects: 1.879517 ms  DeleteObjects: 0.144994 ms)

========================================================================
Received Import Request.
  Time since last request: 966.391417 seconds.
  path: Assets/Scripts/PublishDescriptionText.cs
  artifactKey: Guid(4e6eb3435ed846049b4289b8c5329758) Importer(815301076,1909f56bfc062723c751e8b465ee728b)
Start importing Assets/Scripts/PublishDescriptionText.cs using Guid(4e6eb3435ed846049b4289b8c5329758) Importer(815301076,1909f56bfc062723c751e8b465ee728b)  -> (artifact id: '4a61d5591f458483c20d22ad516f1fff') in 0.006634 seconds
  Import took 0.010341 seconds .

========================================================================
Received Import Request.
  Time since last request: 0.004724 seconds.
  path: Assets/Scripts/PublishDescriptionText.cs
  artifactKey: Guid(4e6eb3435ed846049b4289b8c5329758) Importer(815301076,1909f56bfc062723c751e8b465ee728b)
Start importing Assets/Scripts/PublishDescriptionText.cs using Guid(4e6eb3435ed846049b4289b8c5329758) Importer(815301076,1909f56bfc062723c751e8b465ee728b)  -> (artifact id: '4a61d5591f458483c20d22ad516f1fff') in 0.003411 seconds
  Import took 0.007250 seconds .

========================================================================
Received Prepare
Registering precompiled user dll's ...
Registered in 0.003882 seconds.
Begin MonoManager ReloadAssembly
Native extension for WindowsStandalone target not found
Native extension for WebGL target not found
Refreshing native plugins compatible for Editor in 1.30 ms, found 1 plugins.
Preloading 0 native plugins for Editor in 0.00 ms.
Invoked RoslynAnalysisRunner static constructor.
RoslynAnalysisRunner will not be running.
RoslynAnalysisRunner has terminated.
Mono: successfully reloaded assembly
- Completed reload, in  1.083 seconds
Platform modules already initialized, skipping
Refreshing native plugins compatible for Editor in 0.51 ms, found 1 plugins.
Preloading 0 native plugins for Editor in 0.00 ms.
Unloading 1820 Unused Serialized files (Serialized files now loaded: 0)
System memory in use before: 86.4 MB.
System memory in use after: 86.4 MB.

Unloading 15 unused Assets to reduce memory usage. Loaded Objects now: 2299.
Total: 2.153895 ms (FindLiveObjects: 0.192124 ms CreateObjectMapping: 0.067244 ms MarkObjects: 1.739927 ms  DeleteObjects: 0.152499 ms)

========================================================================
Received Prepare
Registering precompiled user dll's ...
Registered in 0.003614 seconds.
Begin MonoManager ReloadAssembly
Native extension for WindowsStandalone target not found
Native extension for WebGL target not found
Refreshing native plugins compatible for Editor in 0.55 ms, found 1 plugins.
Preloading 0 native plugins for Editor in 0.00 ms.
Invoked RoslynAnalysisRunner static constructor.
RoslynAnalysisRunner will not be running.
RoslynAnalysisRunner has terminated.
Mono: successfully reloaded assembly
- Completed reload, in  1.074 seconds
Platform modules already initialized, skipping
Refreshing native plugins compatible for Editor in 0.50 ms, found 1 plugins.
Preloading 0 native plugins for Editor in 0.00 ms.
Unloading 1820 Unused Serialized files (Serialized files now loaded: 0)
System memory in use before: 86.4 MB.
System memory in use after: 86.4 MB.

Unloading 15 unused Assets to reduce memory usage. Loaded Objects now: 2303.
Total: 2.296187 ms (FindLiveObjects: 0.196627 ms CreateObjectMapping: 0.066943 ms MarkObjects: 1.873813 ms  DeleteObjects: 0.157302 ms)

========================================================================
Received Prepare
Registering precompiled user dll's ...
Registered in 0.003579 seconds.
Begin MonoManager ReloadAssembly
Native extension for WindowsStandalone target not found
Native extension for WebGL target not found
Refreshing native plugins compatible for Editor in 0.54 ms, found 1 plugins.
Preloading 0 native plugins for Editor in 0.00 ms.
Invoked RoslynAnalysisRunner static constructor.
RoslynAnalysisRunner will not be running.
RoslynAnalysisRunner has terminated.
Mono: successfully reloaded assembly
- Completed reload, in  1.073 seconds
Platform modules already initialized, skipping
Refreshing native plugins compatible for Editor in 0.50 ms, found 1 plugins.
Preloading 0 native plugins for Editor in 0.00 ms.
Unloading 1820 Unused Serialized files (Serialized files now loaded: 0)
System memory in use before: 86.4 MB.
System memory in use after: 86.4 MB.

Unloading 15 unused Assets to reduce memory usage. Loaded Objects now: 2307.
Total: 2.192320 ms (FindLiveObjects: 0.195727 ms CreateObjectMapping: 0.067244 ms MarkObjects: 1.780753 ms  DeleteObjects: 0.146795 ms)

========================================================================
Received Prepare
Registering precompiled user dll's ...
Registered in 0.003714 seconds.
Begin MonoManager ReloadAssembly
Native extension for WindowsStandalone target not found
Native extension for WebGL target not found
Refreshing native plugins compatible for Editor in 0.52 ms, found 1 plugins.
Preloading 0 native plugins for Editor in 0.00 ms.
Invoked RoslynAnalysisRunner static constructor.
RoslynAnalysisRunner will not be running.
RoslynAnalysisRunner has terminated.
Mono: successfully reloaded assembly
- Completed reload, in  1.230 seconds
Platform modules already initialized, skipping
Refreshing native plugins compatible for Editor in 0.51 ms, found 1 plugins.
Preloading 0 native plugins for Editor in 0.00 ms.
Unloading 1820 Unused Serialized files (Serialized files now loaded: 0)
System memory in use before: 86.4 MB.
System memory in use after: 86.4 MB.

Unloading 15 unused Assets to reduce memory usage. Loaded Objects now: 2311.
Total: 2.415964 ms (FindLiveObjects: 0.200530 ms CreateObjectMapping: 0.075649 ms MarkObjects: 2.003797 ms  DeleteObjects: 0.134787 ms)

========================================================================
Received Prepare
Registering precompiled user dll's ...
Registered in 0.003799 seconds.
Begin MonoManager ReloadAssembly
Native extension for WindowsStandalone target not found
Native extension for WebGL target not found
Refreshing native plugins compatible for Editor in 0.52 ms, found 1 plugins.
Preloading 0 native plugins for Editor in 0.00 ms.
Invoked RoslynAnalysisRunner static constructor.
RoslynAnalysisRunner will not be running.
RoslynAnalysisRunner has terminated.
Mono: successfully reloaded assembly
- Completed reload, in  1.210 seconds
Platform modules already initialized, skipping
Refreshing native plugins compatible for Editor in 0.89 ms, found 1 plugins.
Preloading 0 native plugins for Editor in 0.00 ms.
Unloading 1820 Unused Serialized files (Serialized files now loaded: 0)
System memory in use before: 86.4 MB.
System memory in use after: 86.4 MB.

Unloading 15 unused Assets to reduce memory usage. Loaded Objects now: 2315.
Total: 2.567863 ms (FindLiveObjects: 0.188822 ms CreateObjectMapping: 0.083754 ms MarkObjects: 2.152093 ms  DeleteObjects: 0.141992 ms)

========================================================================
Received Prepare
Registering precompiled user dll's ...
Registered in 0.003667 seconds.
Begin MonoManager ReloadAssembly
Native extension for WindowsStandalone target not found
Native extension for WebGL target not found
Refreshing native plugins compatible for Editor in 0.50 ms, found 1 plugins.
Preloading 0 native plugins for Editor in 0.00 ms.
Invoked RoslynAnalysisRunner static constructor.
RoslynAnalysisRunner will not be running.
RoslynAnalysisRunner has terminated.
Mono: successfully reloaded assembly
- Completed reload, in  1.096 seconds
Platform modules already initialized, skipping
Refreshing native plugins compatible for Editor in 0.52 ms, found 1 plugins.
Preloading 0 native plugins for Editor in 0.00 ms.
Unloading 1820 Unused Serialized files (Serialized files now loaded: 0)
System memory in use before: 86.4 MB.
System memory in use after: 86.4 MB.

Unloading 15 unused Assets to reduce memory usage. Loaded Objects now: 2319.
Total: 2.226241 ms (FindLiveObjects: 0.180417 ms CreateObjectMapping: 0.067244 ms MarkObjects: 1.830285 ms  DeleteObjects: 0.146795 ms)

========================================================================
Received Prepare
Registering precompiled user dll's ...
Registered in 0.003930 seconds.
Begin MonoManager ReloadAssembly
Native extension for WindowsStandalone target not found
Native extension for WebGL target not found
Refreshing native plugins compatible for Editor in 0.51 ms, found 1 plugins.
Preloading 0 native plugins for Editor in 0.00 ms.
Invoked RoslynAnalysisRunner static constructor.
RoslynAnalysisRunner will not be running.
RoslynAnalysisRunner has terminated.
Mono: successfully reloaded assembly
- Completed reload, in  1.053 seconds
Platform modules already initialized, skipping
Refreshing native plugins compatible for Editor in 0.50 ms, found 1 plugins.
Preloading 0 native plugins for Editor in 0.00 ms.
Unloading 1820 Unused Serialized files (Serialized files now loaded: 0)
System memory in use before: 86.4 MB.
System memory in use after: 86.4 MB.

Unloading 15 unused Assets to reduce memory usage. Loaded Objects now: 2323.
Total: 2.196822 ms (FindLiveObjects: 0.193926 ms CreateObjectMapping: 0.066943 ms MarkObjects: 1.789459 ms  DeleteObjects: 0.144994 ms)

========================================================================
Received Prepare
Registering precompiled user dll's ...
Registered in 0.003631 seconds.
Begin MonoManager ReloadAssembly
Native extension for WindowsStandalone target not found
Native extension for WebGL target not found
Refreshing native plugins compatible for Editor in 0.50 ms, found 1 plugins.
Preloading 0 native plugins for Editor in 0.00 ms.
Invoked RoslynAnalysisRunner static constructor.
RoslynAnalysisRunner will not be running.
RoslynAnalysisRunner has terminated.
Mono: successfully reloaded assembly
- Completed reload, in  1.104 seconds
Platform modules already initialized, skipping
Refreshing native plugins compatible for Editor in 0.50 ms, found 1 plugins.
Preloading 0 native plugins for Editor in 0.00 ms.
Unloading 1820 Unused Serialized files (Serialized files now loaded: 0)
System memory in use before: 86.4 MB.
System memory in use after: 86.4 MB.

Unloading 15 unused Assets to reduce memory usage. Loaded Objects now: 2327.
Total: 2.187216 ms (FindLiveObjects: 0.182818 ms CreateObjectMapping: 0.068745 ms MarkObjects: 1.786757 ms  DeleteObjects: 0.147996 ms)

========================================================================
Received Prepare
Registering precompiled user dll's ...
Registered in 0.003869 seconds.
Begin MonoManager ReloadAssembly
Native extension for WindowsStandalone target not found
Native extension for WebGL target not found
Refreshing native plugins compatible for Editor in 0.50 ms, found 1 plugins.
Preloading 0 native plugins for Editor in 0.00 ms.
Invoked RoslynAnalysisRunner static constructor.
RoslynAnalysisRunner will not be running.
RoslynAnalysisRunner has terminated.
Mono: successfully reloaded assembly
- Completed reload, in  1.289 seconds
Platform modules already initialized, skipping
Refreshing native plugins compatible for Editor in 0.50 ms, found 1 plugins.
Preloading 0 native plugins for Editor in 0.00 ms.
Unloading 1820 Unused Serialized files (Serialized files now loaded: 0)
System memory in use before: 86.5 MB.
System memory in use after: 86.4 MB.

Unloading 15 unused Assets to reduce memory usage. Loaded Objects now: 2331.
Total: 2.267668 ms (FindLiveObjects: 0.184019 ms CreateObjectMapping: 0.069945 ms MarkObjects: 1.857002 ms  DeleteObjects: 0.155501 ms)

========================================================================
Received Prepare
Registering precompiled user dll's ...
Registered in 0.003839 seconds.
Begin MonoManager ReloadAssembly
Native extension for WindowsStandalone target not found
Native extension for WebGL target not found
Refreshing native plugins compatible for Editor in 0.50 ms, found 1 plugins.
Preloading 0 native plugins for Editor in 0.00 ms.
Invoked RoslynAnalysisRunner static constructor.
RoslynAnalysisRunner will not be running.
RoslynAnalysisRunner has terminated.
Mono: successfully reloaded assembly
- Completed reload, in  1.155 seconds
Platform modules already initialized, skipping
Refreshing native plugins compatible for Editor in 0.55 ms, found 1 plugins.
Preloading 0 native plugins for Editor in 0.00 ms.
Unloading 1820 Unused Serialized files (Serialized files now loaded: 0)
System memory in use before: 86.5 MB.
System memory in use after: 86.4 MB.

Unloading 15 unused Assets to reduce memory usage. Loaded Objects now: 2335.
Total: 2.258963 ms (FindLiveObjects: 0.188522 ms CreateObjectMapping: 0.068745 ms MarkObjects: 1.859704 ms  DeleteObjects: 0.139590 ms)

========================================================================
Received Prepare
Registering precompiled user dll's ...
Registered in 0.003638 seconds.
Begin MonoManager ReloadAssembly
Native extension for WindowsStandalone target not found
Native extension for WebGL target not found
Refreshing native plugins compatible for Editor in 0.50 ms, found 1 plugins.
Preloading 0 native plugins for Editor in 0.00 ms.
Invoked RoslynAnalysisRunner static constructor.
RoslynAnalysisRunner will not be running.
RoslynAnalysisRunner has terminated.
Mono: successfully reloaded assembly
- Completed reload, in  1.105 seconds
Platform modules already initialized, skipping
Refreshing native plugins compatible for Editor in 0.50 ms, found 1 plugins.
Preloading 0 native plugins for Editor in 0.00 ms.
Unloading 1820 Unused Serialized files (Serialized files now loaded: 0)
System memory in use before: 86.5 MB.
System memory in use after: 86.4 MB.

Unloading 15 unused Assets to reduce memory usage. Loaded Objects now: 2339.
Total: 2.231045 ms (FindLiveObjects: 0.192425 ms CreateObjectMapping: 0.068444 ms MarkObjects: 1.834788 ms  DeleteObjects: 0.134187 ms)

========================================================================
Received Prepare
Registering precompiled user dll's ...
Registered in 0.003733 seconds.
Begin MonoManager ReloadAssembly
Native extension for WindowsStandalone target not found
Native extension for WebGL target not found
Refreshing native plugins compatible for Editor in 0.50 ms, found 1 plugins.
Preloading 0 native plugins for Editor in 0.00 ms.
Invoked RoslynAnalysisRunner static constructor.
RoslynAnalysisRunner will not be running.
RoslynAnalysisRunner has terminated.
Mono: successfully reloaded assembly
- Completed reload, in  1.167 seconds
Platform modules already initialized, skipping
Refreshing native plugins compatible for Editor in 0.50 ms, found 1 plugins.
Preloading 0 native plugins for Editor in 0.00 ms.
Unloading 1820 Unused Serialized files (Serialized files now loaded: 0)
System memory in use before: 86.5 MB.
System memory in use after: 86.5 MB.

Unloading 15 unused Assets to reduce memory usage. Loaded Objects now: 2343.
Total: 2.171906 ms (FindLiveObjects: 0.184019 ms CreateObjectMapping: 0.067244 ms MarkObjects: 1.794262 ms  DeleteObjects: 0.125181 ms)

========================================================================
Received Prepare
Registering precompiled user dll's ...
Registered in 0.003698 seconds.
Begin MonoManager ReloadAssembly
Native extension for WindowsStandalone target not found
Native extension for WebGL target not found
Refreshing native plugins compatible for Editor in 0.51 ms, found 1 plugins.
Preloading 0 native plugins for Editor in 0.00 ms.
Invoked RoslynAnalysisRunner static constructor.
RoslynAnalysisRunner will not be running.
RoslynAnalysisRunner has terminated.
Mono: successfully reloaded assembly
- Completed reload, in  1.093 seconds
Platform modules already initialized, skipping
Refreshing native plugins compatible for Editor in 0.50 ms, found 1 plugins.
Preloading 0 native plugins for Editor in 0.00 ms.
Unloading 1820 Unused Serialized files (Serialized files now loaded: 0)
System memory in use before: 86.5 MB.
System memory in use after: 86.5 MB.

Unloading 15 unused Assets to reduce memory usage. Loaded Objects now: 2347.
Total: 2.629403 ms (FindLiveObjects: 0.303196 ms CreateObjectMapping: 0.091559 ms MarkObjects: 2.080047 ms  DeleteObjects: 0.153099 ms)

========================================================================
Received Prepare
Registering precompiled user dll's ...
Registered in 0.004080 seconds.
Begin MonoManager ReloadAssembly
Native extension for WindowsStandalone target not found
Native extension for WebGL target not found
Refreshing native plugins compatible for Editor in 0.51 ms, found 1 plugins.
Preloading 0 native plugins for Editor in 0.00 ms.
Invoked RoslynAnalysisRunner static constructor.
RoslynAnalysisRunner will not be running.
RoslynAnalysisRunner has terminated.
Mono: successfully reloaded assembly
- Completed reload, in  1.115 seconds
Platform modules already initialized, skipping
Refreshing native plugins compatible for Editor in 0.50 ms, found 1 plugins.
Preloading 0 native plugins for Editor in 0.00 ms.
Unloading 1820 Unused Serialized files (Serialized files now loaded: 0)
System memory in use before: 86.5 MB.
System memory in use after: 86.5 MB.

Unloading 15 unused Assets to reduce memory usage. Loaded Objects now: 2351.
Total: 2.342117 ms (FindLiveObjects: 0.187922 ms CreateObjectMapping: 0.066343 ms MarkObjects: 1.934453 ms  DeleteObjects: 0.151898 ms)

========================================================================
Received Prepare
Registering precompiled user dll's ...
Registered in 0.003714 seconds.
Begin MonoManager ReloadAssembly
Native extension for WindowsStandalone target not found
Native extension for WebGL target not found
Refreshing native plugins compatible for Editor in 0.50 ms, found 1 plugins.
Preloading 0 native plugins for Editor in 0.00 ms.
Invoked RoslynAnalysisRunner static constructor.
RoslynAnalysisRunner will not be running.
RoslynAnalysisRunner has terminated.
Mono: successfully reloaded assembly
- Completed reload, in  1.049 seconds
Platform modules already initialized, skipping
Refreshing native plugins compatible for Editor in 0.50 ms, found 1 plugins.
Preloading 0 native plugins for Editor in 0.00 ms.
Unloading 1820 Unused Serialized files (Serialized files now loaded: 0)
System memory in use before: 86.5 MB.
System memory in use after: 86.5 MB.

Unloading 15 unused Assets to reduce memory usage. Loaded Objects now: 2355.
Total: 2.234947 ms (FindLiveObjects: 0.193025 ms CreateObjectMapping: 0.069045 ms MarkObjects: 1.829084 ms  DeleteObjects: 0.142893 ms)

========================================================================
Received Prepare
Registering precompiled user dll's ...
Registered in 0.003848 seconds.
Begin MonoManager ReloadAssembly
Native extension for WindowsStandalone target not found
Native extension for WebGL target not found
Refreshing native plugins compatible for Editor in 0.54 ms, found 1 plugins.
Preloading 0 native plugins for Editor in 0.00 ms.
Invoked RoslynAnalysisRunner static constructor.
RoslynAnalysisRunner will not be running.
RoslynAnalysisRunner has terminated.
Mono: successfully reloaded assembly
- Completed reload, in  1.189 seconds
Platform modules already initialized, skipping
Refreshing native plugins compatible for Editor in 0.72 ms, found 1 plugins.
Preloading 0 native plugins for Editor in 0.00 ms.
Unloading 1820 Unused Serialized files (Serialized files now loaded: 0)
System memory in use before: 86.5 MB.
System memory in use after: 86.5 MB.

Unloading 15 unused Assets to reduce memory usage. Loaded Objects now: 2359.
Total: 3.143936 ms (FindLiveObjects: 0.432580 ms CreateObjectMapping: 0.117376 ms MarkObjects: 2.446884 ms  DeleteObjects: 0.144994 ms)

========================================================================
Received Import Request.
  Time since last request: 2039.163142 seconds.
  path: Assets/Scripts/PublishDescriptionText.cs
  artifactKey: Guid(4e6eb3435ed846049b4289b8c5329758) Importer(815301076,1909f56bfc062723c751e8b465ee728b)
Start importing Assets/Scripts/PublishDescriptionText.cs using Guid(4e6eb3435ed846049b4289b8c5329758) Importer(815301076,1909f56bfc062723c751e8b465ee728b)  -> (artifact id: 'ef5f743a9f06153599fd27b3e99b3223') in 0.006439 seconds
  Import took 0.010097 seconds .

========================================================================
Received Prepare
Registering precompiled user dll's ...
Registered in 0.003730 seconds.
Begin MonoManager ReloadAssembly
Native extension for WindowsStandalone target not found
Native extension for WebGL target not found
Refreshing native plugins compatible for Editor in 0.56 ms, found 1 plugins.
Preloading 0 native plugins for Editor in 0.00 ms.
Invoked RoslynAnalysisRunner static constructor.
RoslynAnalysisRunner will not be running.
RoslynAnalysisRunner has terminated.
Mono: successfully reloaded assembly
- Completed reload, in  1.347 seconds
Platform modules already initialized, skipping
Refreshing native plugins compatible for Editor in 0.68 ms, found 1 plugins.
Preloading 0 native plugins for Editor in 0.00 ms.
Unloading 1820 Unused Serialized files (Serialized files now loaded: 0)
System memory in use before: 86.5 MB.
System memory in use after: 86.5 MB.

Unloading 15 unused Assets to reduce memory usage. Loaded Objects now: 2363.
Total: 3.744625 ms (FindLiveObjects: 0.267173 ms CreateObjectMapping: 0.071746 ms MarkObjects: 3.144236 ms  DeleteObjects: 0.259668 ms)

========================================================================
Received Import Request.
  Time since last request: 103.991291 seconds.
  path: Assets/Scripts/PublishDescriptionText.cs
  artifactKey: Guid(4e6eb3435ed846049b4289b8c5329758) Importer(815301076,1909f56bfc062723c751e8b465ee728b)
Start importing Assets/Scripts/PublishDescriptionText.cs using Guid(4e6eb3435ed846049b4289b8c5329758) Importer(815301076,1909f56bfc062723c751e8b465ee728b)  -> (artifact id: 'd469fd15d2191eb84745a0adcf83116c') in 0.007255 seconds
  Import took 0.010837 seconds .

========================================================================
Received Prepare
Registering precompiled user dll's ...
Registered in 0.003624 seconds.
Begin MonoManager ReloadAssembly
Native extension for WindowsStandalone target not found
Native extension for WebGL target not found
Refreshing native plugins compatible for Editor in 0.52 ms, found 1 plugins.
Preloading 0 native plugins for Editor in 0.00 ms.
Invoked RoslynAnalysisRunner static constructor.
RoslynAnalysisRunner will not be running.
RoslynAnalysisRunner has terminated.
Mono: successfully reloaded assembly
- Completed reload, in  1.088 seconds
Platform modules already initialized, skipping
Refreshing native plugins compatible for Editor in 0.54 ms, found 1 plugins.
Preloading 0 native plugins for Editor in 0.00 ms.
Unloading 1820 Unused Serialized files (Serialized files now loaded: 0)
System memory in use before: 86.5 MB.
System memory in use after: 86.5 MB.

Unloading 15 unused Assets to reduce memory usage. Loaded Objects now: 2367.
Total: 2.191719 ms (FindLiveObjects: 0.184620 ms CreateObjectMapping: 0.069345 ms MarkObjects: 1.794862 ms  DeleteObjects: 0.141091 ms)

========================================================================
Received Import Request.
  Time since last request: 61.513972 seconds.
  path: Assets/Scripts/PublishDescriptionText.cs
  artifactKey: Guid(4e6eb3435ed846049b4289b8c5329758) Importer(815301076,1909f56bfc062723c751e8b465ee728b)
Start importing Assets/Scripts/PublishDescriptionText.cs using Guid(4e6eb3435ed846049b4289b8c5329758) Importer(815301076,1909f56bfc062723c751e8b465ee728b)  -> (artifact id: '4573e8e564878274b6af44f2b48a71be') in 0.006336 seconds
  Import took 0.009670 seconds .

========================================================================
Received Import Request.
  Time since last request: 0.005328 seconds.
  path: Assets/Scripts/PublishDescriptionText.cs
  artifactKey: Guid(4e6eb3435ed846049b4289b8c5329758) Importer(815301076,1909f56bfc062723c751e8b465ee728b)
Start importing Assets/Scripts/PublishDescriptionText.cs using Guid(4e6eb3435ed846049b4289b8c5329758) Importer(815301076,1909f56bfc062723c751e8b465ee728b)  -> (artifact id: '4573e8e564878274b6af44f2b48a71be') in 0.003078 seconds
  Import took 0.006220 seconds .

========================================================================
Received Prepare
Registering precompiled user dll's ...
Registered in 0.003688 seconds.
Begin MonoManager ReloadAssembly
Native extension for WindowsStandalone target not found
Native extension for WebGL target not found
Refreshing native plugins compatible for Editor in 0.66 ms, found 1 plugins.
Preloading 0 native plugins for Editor in 0.00 ms.
Invoked RoslynAnalysisRunner static constructor.
RoslynAnalysisRunner will not be running.
RoslynAnalysisRunner has terminated.
Mono: successfully reloaded assembly
- Completed reload, in  1.168 seconds
Platform modules already initialized, skipping
Refreshing native plugins compatible for Editor in 0.50 ms, found 1 plugins.
Preloading 0 native plugins for Editor in 0.00 ms.
Unloading 1820 Unused Serialized files (Serialized files now loaded: 0)
System memory in use before: 86.5 MB.
System memory in use after: 86.5 MB.

Unloading 15 unused Assets to reduce memory usage. Loaded Objects now: 2371.
Total: 2.301290 ms (FindLiveObjects: 0.182818 ms CreateObjectMapping: 0.067244 ms MarkObjects: 1.918842 ms  DeleteObjects: 0.131485 ms)

========================================================================
Received Import Request.
  Time since last request: 237.963955 seconds.
  path: Assets/Scripts/PublishDescriptionText.cs
  artifactKey: Guid(4e6eb3435ed846049b4289b8c5329758) Importer(815301076,1909f56bfc062723c751e8b465ee728b)
Start importing Assets/Scripts/PublishDescriptionText.cs using Guid(4e6eb3435ed846049b4289b8c5329758) Importer(815301076,1909f56bfc062723c751e8b465ee728b)  -> (artifact id: 'c69de6593b6cbd5d3d65fb8f77923225') in 0.006741 seconds
  Import took 0.010469 seconds .

========================================================================
Received Import Request.
  Time since last request: 0.003823 seconds.
  path: Assets/Scripts/PublishDescriptionText.cs
  artifactKey: Guid(4e6eb3435ed846049b4289b8c5329758) Importer(815301076,1909f56bfc062723c751e8b465ee728b)
Start importing Assets/Scripts/PublishDescriptionText.cs using Guid(4e6eb3435ed846049b4289b8c5329758) Importer(815301076,1909f56bfc062723c751e8b465ee728b)  -> (artifact id: 'c69de6593b6cbd5d3d65fb8f77923225') in 0.002768 seconds
  Import took 0.005845 seconds .

========================================================================
Received Prepare
Registering precompiled user dll's ...
Registered in 0.003751 seconds.
Begin MonoManager ReloadAssembly
Native extension for WindowsStandalone target not found
Native extension for WebGL target not found
Refreshing native plugins compatible for Editor in 0.86 ms, found 1 plugins.
Preloading 0 native plugins for Editor in 0.00 ms.
Invoked RoslynAnalysisRunner static constructor.
RoslynAnalysisRunner will not be running.
RoslynAnalysisRunner has terminated.
Mono: successfully reloaded assembly
- Completed reload, in  1.390 seconds
Platform modules already initialized, skipping
Refreshing native plugins compatible for Editor in 0.50 ms, found 1 plugins.
Preloading 0 native plugins for Editor in 0.00 ms.
Unloading 1820 Unused Serialized files (Serialized files now loaded: 0)
System memory in use before: 86.5 MB.
System memory in use after: 86.5 MB.

Unloading 15 unused Assets to reduce memory usage. Loaded Objects now: 2375.
Total: 2.283278 ms (FindLiveObjects: 0.221243 ms CreateObjectMapping: 0.078651 ms MarkObjects: 1.850698 ms  DeleteObjects: 0.131185 ms)

========================================================================
Received Import Request.
  Time since last request: 299.692930 seconds.
  path: Assets/Scripts/PublishDescriptionText.cs
  artifactKey: Guid(4e6eb3435ed846049b4289b8c5329758) Importer(815301076,1909f56bfc062723c751e8b465ee728b)
Start importing Assets/Scripts/PublishDescriptionText.cs using Guid(4e6eb3435ed846049b4289b8c5329758) Importer(815301076,1909f56bfc062723c751e8b465ee728b)  -> (artifact id: '1d27ed7b8e619030e49f2ee2988f9c11') in 0.006680 seconds
  Import took 0.009963 seconds .

========================================================================
Received Prepare
Registering precompiled user dll's ...
Registered in 0.004250 seconds.
Begin MonoManager ReloadAssembly
Native extension for WindowsStandalone target not found
Native extension for WebGL target not found
Refreshing native plugins compatible for Editor in 0.62 ms, found 1 plugins.
Preloading 0 native plugins for Editor in 0.00 ms.
Invoked RoslynAnalysisRunner static constructor.
RoslynAnalysisRunner will not be running.
RoslynAnalysisRunner has terminated.
Mono: successfully reloaded assembly
- Completed reload, in  1.553 seconds
Platform modules already initialized, skipping
Refreshing native plugins compatible for Editor in 0.51 ms, found 1 plugins.
Preloading 0 native plugins for Editor in 0.00 ms.
Unloading 1820 Unused Serialized files (Serialized files now loaded: 0)
System memory in use before: 86.6 MB.
System memory in use after: 86.5 MB.

Unloading 15 unused Assets to reduce memory usage. Loaded Objects now: 2379.
Total: 2.806817 ms (FindLiveObjects: 0.194526 ms CreateObjectMapping: 0.069045 ms MarkObjects: 2.393450 ms  DeleteObjects: 0.148296 ms)

========================================================================
Received Import Request.
  Time since last request: 348.277750 seconds.
  path: Assets/Scripts/PublishDescriptionText.cs
  artifactKey: Guid(4e6eb3435ed846049b4289b8c5329758) Importer(815301076,1909f56bfc062723c751e8b465ee728b)
Start importing Assets/Scripts/PublishDescriptionText.cs using Guid(4e6eb3435ed846049b4289b8c5329758) Importer(815301076,1909f56bfc062723c751e8b465ee728b)  -> (artifact id: '8df441eaf6af7a66f6ff23efda6fd4e9') in 0.006822 seconds
  Import took 0.010359 seconds .

========================================================================
Received Prepare
Registering precompiled user dll's ...
Registered in 0.003640 seconds.
Begin MonoManager ReloadAssembly
Native extension for WindowsStandalone target not found
Native extension for WebGL target not found
Refreshing native plugins compatible for Editor in 0.53 ms, found 1 plugins.
Preloading 0 native plugins for Editor in 0.00 ms.
Invoked RoslynAnalysisRunner static constructor.
RoslynAnalysisRunner will not be running.
RoslynAnalysisRunner has terminated.
Mono: successfully reloaded assembly
- Completed reload, in  1.349 seconds
Platform modules already initialized, skipping
Refreshing native plugins compatible for Editor in 0.50 ms, found 1 plugins.
Preloading 0 native plugins for Editor in 0.00 ms.
Unloading 1820 Unused Serialized files (Serialized files now loaded: 0)
System memory in use before: 86.6 MB.
System memory in use after: 86.5 MB.

Unloading 15 unused Assets to reduce memory usage. Loaded Objects now: 2383.
Total: 2.323204 ms (FindLiveObjects: 0.220343 ms CreateObjectMapping: 0.068745 ms MarkObjects: 1.873513 ms  DeleteObjects: 0.141992 ms)

========================================================================
Received Import Request.
  Time since last request: 78.346545 seconds.
  path: Assets/Scripts/PublishDescriptionText.cs
  artifactKey: Guid(4e6eb3435ed846049b4289b8c5329758) Importer(815301076,1909f56bfc062723c751e8b465ee728b)
Start importing Assets/Scripts/PublishDescriptionText.cs using Guid(4e6eb3435ed846049b4289b8c5329758) Importer(815301076,1909f56bfc062723c751e8b465ee728b)  -> (artifact id: '8a43a79b13b9f3d0fd219666b22ec998') in 0.006406 seconds
  Import took 0.010546 seconds .

========================================================================
Received Prepare
Registering precompiled user dll's ...
Registered in 0.003621 seconds.
Begin MonoManager ReloadAssembly
Native extension for WindowsStandalone target not found
Native extension for WebGL target not found
Refreshing native plugins compatible for Editor in 0.50 ms, found 1 plugins.
Preloading 0 native plugins for Editor in 0.00 ms.
Invoked RoslynAnalysisRunner static constructor.
RoslynAnalysisRunner will not be running.
RoslynAnalysisRunner has terminated.
Mono: successfully reloaded assembly
- Completed reload, in  1.068 seconds
Platform modules already initialized, skipping
Refreshing native plugins compatible for Editor in 0.52 ms, found 1 plugins.
Preloading 0 native plugins for Editor in 0.00 ms.
Unloading 1820 Unused Serialized files (Serialized files now loaded: 0)
System memory in use before: 86.6 MB.
System memory in use after: 86.5 MB.

Unloading 15 unused Assets to reduce memory usage. Loaded Objects now: 2387.
Total: 2.185115 ms (FindLiveObjects: 0.191524 ms CreateObjectMapping: 0.070245 ms MarkObjects: 1.777451 ms  DeleteObjects: 0.144694 ms)

========================================================================
Received Prepare
Registering precompiled user dll's ...
Registered in 0.003603 seconds.
Begin MonoManager ReloadAssembly
Native extension for WindowsStandalone target not found
Native extension for WebGL target not found
Refreshing native plugins compatible for Editor in 0.49 ms, found 1 plugins.
Preloading 0 native plugins for Editor in 0.00 ms.
Invoked RoslynAnalysisRunner static constructor.
RoslynAnalysisRunner will not be running.
RoslynAnalysisRunner has terminated.
Mono: successfully reloaded assembly
- Completed reload, in  1.048 seconds
Platform modules already initialized, skipping
Refreshing native plugins compatible for Editor in 0.50 ms, found 1 plugins.
Preloading 0 native plugins for Editor in 0.00 ms.
Unloading 1820 Unused Serialized files (Serialized files now loaded: 0)
System memory in use before: 86.6 MB.
System memory in use after: 86.6 MB.

Unloading 15 unused Assets to reduce memory usage. Loaded Objects now: 2391.
Total: 2.200125 ms (FindLiveObjects: 0.180417 ms CreateObjectMapping: 0.068444 ms MarkObjects: 1.807470 ms  DeleteObjects: 0.142292 ms)

========================================================================
Received Prepare
Registering precompiled user dll's ...
Registered in 0.003622 seconds.
Begin MonoManager ReloadAssembly
Native extension for WindowsStandalone target not found
Native extension for WebGL target not found
Refreshing native plugins compatible for Editor in 0.50 ms, found 1 plugins.
Preloading 0 native plugins for Editor in 0.00 ms.
Invoked RoslynAnalysisRunner static constructor.
RoslynAnalysisRunner will not be running.
RoslynAnalysisRunner has terminated.
Mono: successfully reloaded assembly
- Completed reload, in  1.090 seconds
Platform modules already initialized, skipping
Refreshing native plugins compatible for Editor in 0.51 ms, found 1 plugins.
Preloading 0 native plugins for Editor in 0.00 ms.
Unloading 1820 Unused Serialized files (Serialized files now loaded: 0)
System memory in use before: 86.6 MB.
System memory in use after: 86.6 MB.

Unloading 15 unused Assets to reduce memory usage. Loaded Objects now: 2395.
Total: 2.265567 ms (FindLiveObjects: 0.198729 ms CreateObjectMapping: 0.068144 ms MarkObjects: 1.866609 ms  DeleteObjects: 0.131185 ms)

========================================================================
Received Prepare
Registering precompiled user dll's ...
Registered in 0.003973 seconds.
Begin MonoManager ReloadAssembly
Native extension for WindowsStandalone target not found
Native extension for WebGL target not found
Refreshing native plugins compatible for Editor in 0.52 ms, found 1 plugins.
Preloading 0 native plugins for Editor in 0.00 ms.
Invoked RoslynAnalysisRunner static constructor.
RoslynAnalysisRunner will not be running.
RoslynAnalysisRunner has terminated.
Mono: successfully reloaded assembly
- Completed reload, in  1.423 seconds
Platform modules already initialized, skipping
Refreshing native plugins compatible for Editor in 0.50 ms, found 1 plugins.
Preloading 0 native plugins for Editor in 0.00 ms.
Unloading 1820 Unused Serialized files (Serialized files now loaded: 0)
System memory in use before: 86.6 MB.
System memory in use after: 86.6 MB.

Unloading 15 unused Assets to reduce memory usage. Loaded Objects now: 2399.
Total: 2.343317 ms (FindLiveObjects: 0.184920 ms CreateObjectMapping: 0.069945 ms MarkObjects: 1.946460 ms  DeleteObjects: 0.140191 ms)

========================================================================
Received Prepare
Registering precompiled user dll's ...
Registered in 0.004170 seconds.
Begin MonoManager ReloadAssembly
Native extension for WindowsStandalone target not found
Native extension for WebGL target not found
Refreshing native plugins compatible for Editor in 0.50 ms, found 1 plugins.
Preloading 0 native plugins for Editor in 0.00 ms.
Invoked RoslynAnalysisRunner static constructor.
RoslynAnalysisRunner will not be running.
RoslynAnalysisRunner has terminated.
Mono: successfully reloaded assembly
- Completed reload, in  1.054 seconds
Platform modules already initialized, skipping
Refreshing native plugins compatible for Editor in 0.54 ms, found 1 plugins.
Preloading 0 native plugins for Editor in 0.00 ms.
Unloading 1820 Unused Serialized files (Serialized files now loaded: 0)
System memory in use before: 86.6 MB.
System memory in use after: 86.6 MB.

Unloading 15 unused Assets to reduce memory usage. Loaded Objects now: 2403.
Total: 4.037314 ms (FindLiveObjects: 0.286686 ms CreateObjectMapping: 0.150998 ms MarkObjects: 3.356473 ms  DeleteObjects: 0.240756 ms)

========================================================================
Received Prepare
Registering precompiled user dll's ...
Registered in 0.003704 seconds.
Begin MonoManager ReloadAssembly
Native extension for WindowsStandalone target not found
Native extension for WebGL target not found
Refreshing native plugins compatible for Editor in 0.51 ms, found 1 plugins.
Preloading 0 native plugins for Editor in 0.00 ms.
Invoked RoslynAnalysisRunner static constructor.
RoslynAnalysisRunner will not be running.
RoslynAnalysisRunner has terminated.
Mono: successfully reloaded assembly
- Completed reload, in  1.066 seconds
Platform modules already initialized, skipping
Refreshing native plugins compatible for Editor in 0.51 ms, found 1 plugins.
Preloading 0 native plugins for Editor in 0.00 ms.
Unloading 1820 Unused Serialized files (Serialized files now loaded: 0)
System memory in use before: 86.6 MB.
System memory in use after: 86.6 MB.

Unloading 15 unused Assets to reduce memory usage. Loaded Objects now: 2407.
Total: 2.164101 ms (FindLiveObjects: 0.193325 ms CreateObjectMapping: 0.070546 ms MarkObjects: 1.763642 ms  DeleteObjects: 0.135388 ms)

========================================================================
Received Prepare
Registering precompiled user dll's ...
Registered in 0.003995 seconds.
Begin MonoManager ReloadAssembly
Native extension for WindowsStandalone target not found
Native extension for WebGL target not found
Refreshing native plugins compatible for Editor in 0.51 ms, found 1 plugins.
Preloading 0 native plugins for Editor in 0.00 ms.
Invoked RoslynAnalysisRunner static constructor.
RoslynAnalysisRunner will not be running.
RoslynAnalysisRunner has terminated.
Mono: successfully reloaded assembly
- Completed reload, in  1.049 seconds
Platform modules already initialized, skipping
Refreshing native plugins compatible for Editor in 0.50 ms, found 1 plugins.
Preloading 0 native plugins for Editor in 0.00 ms.
Unloading 1820 Unused Serialized files (Serialized files now loaded: 0)
System memory in use before: 86.6 MB.
System memory in use after: 86.6 MB.

Unloading 15 unused Assets to reduce memory usage. Loaded Objects now: 2411.
Total: 2.613192 ms (FindLiveObjects: 0.367138 ms CreateObjectMapping: 0.088557 ms MarkObjects: 2.018507 ms  DeleteObjects: 0.137189 ms)

========================================================================
Received Prepare
Registering precompiled user dll's ...
Registered in 0.003711 seconds.
Begin MonoManager ReloadAssembly
Native extension for WindowsStandalone target not found
Native extension for WebGL target not found
Refreshing native plugins compatible for Editor in 0.52 ms, found 1 plugins.
Preloading 0 native plugins for Editor in 0.00 ms.
Invoked RoslynAnalysisRunner static constructor.
RoslynAnalysisRunner will not be running.
RoslynAnalysisRunner has terminated.
Mono: successfully reloaded assembly
- Completed reload, in  1.075 seconds
Platform modules already initialized, skipping
Refreshing native plugins compatible for Editor in 0.51 ms, found 1 plugins.
Preloading 0 native plugins for Editor in 0.00 ms.
Unloading 1820 Unused Serialized files (Serialized files now loaded: 0)
System memory in use before: 86.6 MB.
System memory in use after: 86.6 MB.

Unloading 15 unused Assets to reduce memory usage. Loaded Objects now: 2415.
Total: 2.362830 ms (FindLiveObjects: 0.210736 ms CreateObjectMapping: 0.067544 ms MarkObjects: 1.928749 ms  DeleteObjects: 0.154000 ms)

========================================================================
Received Prepare
Registering precompiled user dll's ...
Registered in 0.003827 seconds.
Begin MonoManager ReloadAssembly
Native extension for WindowsStandalone target not found
Native extension for WebGL target not found
Refreshing native plugins compatible for Editor in 0.49 ms, found 1 plugins.
Preloading 0 native plugins for Editor in 0.00 ms.
Invoked RoslynAnalysisRunner static constructor.
RoslynAnalysisRunner will not be running.
RoslynAnalysisRunner has terminated.
Mono: successfully reloaded assembly
- Completed reload, in  1.249 seconds
Platform modules already initialized, skipping
Refreshing native plugins compatible for Editor in 0.69 ms, found 1 plugins.
Preloading 0 native plugins for Editor in 0.00 ms.
Unloading 1820 Unused Serialized files (Serialized files now loaded: 0)
System memory in use before: 86.7 MB.
System memory in use after: 86.6 MB.

Unloading 15 unused Assets to reduce memory usage. Loaded Objects now: 2419.
Total: 2.879164 ms (FindLiveObjects: 0.292389 ms CreateObjectMapping: 0.068444 ms MarkObjects: 2.368233 ms  DeleteObjects: 0.148596 ms)

========================================================================
Received Prepare
Registering precompiled user dll's ...
Registered in 0.003918 seconds.
Begin MonoManager ReloadAssembly
Native extension for WindowsStandalone target not found
Native extension for WebGL target not found
Refreshing native plugins compatible for Editor in 0.53 ms, found 1 plugins.
Preloading 0 native plugins for Editor in 0.00 ms.
Invoked RoslynAnalysisRunner static constructor.
RoslynAnalysisRunner will not be running.
RoslynAnalysisRunner has terminated.
Mono: successfully reloaded assembly
- Completed reload, in  1.072 seconds
Platform modules already initialized, skipping
Refreshing native plugins compatible for Editor in 0.52 ms, found 1 plugins.
Preloading 0 native plugins for Editor in 0.00 ms.
Unloading 1820 Unused Serialized files (Serialized files now loaded: 0)
System memory in use before: 86.7 MB.
System memory in use after: 86.6 MB.

Unloading 15 unused Assets to reduce memory usage. Loaded Objects now: 2423.
Total: 2.230144 ms (FindLiveObjects: 0.235653 ms CreateObjectMapping: 0.070546 ms MarkObjects: 1.779852 ms  DeleteObjects: 0.143193 ms)

========================================================================
Received Prepare
Registering precompiled user dll's ...
Registered in 0.003610 seconds.
Begin MonoManager ReloadAssembly
Native extension for WindowsStandalone target not found
Native extension for WebGL target not found
Refreshing native plugins compatible for Editor in 0.50 ms, found 1 plugins.
Preloading 0 native plugins for Editor in 0.00 ms.
Invoked RoslynAnalysisRunner static constructor.
RoslynAnalysisRunner will not be running.
RoslynAnalysisRunner has terminated.
Mono: successfully reloaded assembly
- Completed reload, in  1.060 seconds
Platform modules already initialized, skipping
Refreshing native plugins compatible for Editor in 0.51 ms, found 1 plugins.
Preloading 0 native plugins for Editor in 0.00 ms.
Unloading 1820 Unused Serialized files (Serialized files now loaded: 0)
System memory in use before: 86.7 MB.
System memory in use after: 86.6 MB.

Unloading 15 unused Assets to reduce memory usage. Loaded Objects now: 2427.
Total: 2.319602 ms (FindLiveObjects: 0.235953 ms CreateObjectMapping: 0.068444 ms MarkObjects: 1.863907 ms  DeleteObjects: 0.149497 ms)

========================================================================
Received Prepare
Registering precompiled user dll's ...
Registered in 0.003649 seconds.
Begin MonoManager ReloadAssembly
Native extension for WindowsStandalone target not found
Native extension for WebGL target not found
Refreshing native plugins compatible for Editor in 0.83 ms, found 1 plugins.
Preloading 0 native plugins for Editor in 0.00 ms.
Invoked RoslynAnalysisRunner static constructor.
RoslynAnalysisRunner will not be running.
RoslynAnalysisRunner has terminated.
Mono: successfully reloaded assembly
- Completed reload, in  1.321 seconds
Platform modules already initialized, skipping
Refreshing native plugins compatible for Editor in 0.54 ms, found 1 plugins.
Preloading 0 native plugins for Editor in 0.00 ms.
Unloading 1820 Unused Serialized files (Serialized files now loaded: 0)
System memory in use before: 86.7 MB.
System memory in use after: 86.7 MB.

Unloading 15 unused Assets to reduce memory usage. Loaded Objects now: 2431.
Total: 2.366132 ms (FindLiveObjects: 0.192425 ms CreateObjectMapping: 0.069045 ms MarkObjects: 1.951564 ms  DeleteObjects: 0.151598 ms)

========================================================================
Received Import Request.
  Time since last request: 1483.005797 seconds.
  path: Assets/Scripts/ClickingOnMainButtons.cs
  artifactKey: Guid(9471ec7e8c0cd2a45a1fc0921653ecd1) Importer(815301076,1909f56bfc062723c751e8b465ee728b)
Start importing Assets/Scripts/ClickingOnMainButtons.cs using Guid(9471ec7e8c0cd2a45a1fc0921653ecd1) Importer(815301076,1909f56bfc062723c751e8b465ee728b)  -> (artifact id: '142dcb0c188780bc5de52ce63aa9f3f8') in 0.007095 seconds
  Import took 0.010764 seconds .

========================================================================
Received Import Request.
  Time since last request: 0.043467 seconds.
  path: Assets/Scripts/ClickingOnMainButtons.cs
  artifactKey: Guid(9471ec7e8c0cd2a45a1fc0921653ecd1) Importer(815301076,1909f56bfc062723c751e8b465ee728b)
Start importing Assets/Scripts/ClickingOnMainButtons.cs using Guid(9471ec7e8c0cd2a45a1fc0921653ecd1) Importer(815301076,1909f56bfc062723c751e8b465ee728b)  -> (artifact id: '142dcb0c188780bc5de52ce63aa9f3f8') in 0.003371 seconds
  Import took 0.006955 seconds .

========================================================================
Received Prepare
Registering precompiled user dll's ...
Registered in 0.003782 seconds.
Begin MonoManager ReloadAssembly
Native extension for WindowsStandalone target not found
Native extension for WebGL target not found
Refreshing native plugins compatible for Editor in 0.50 ms, found 1 plugins.
Preloading 0 native plugins for Editor in 0.00 ms.
Invoked RoslynAnalysisRunner static constructor.
RoslynAnalysisRunner will not be running.
RoslynAnalysisRunner has terminated.
Mono: successfully reloaded assembly
- Completed reload, in  1.067 seconds
Platform modules already initialized, skipping
Refreshing native plugins compatible for Editor in 0.50 ms, found 1 plugins.
Preloading 0 native plugins for Editor in 0.00 ms.
Unloading 1820 Unused Serialized files (Serialized files now loaded: 0)
System memory in use before: 86.7 MB.
System memory in use after: 86.7 MB.

Unloading 15 unused Assets to reduce memory usage. Loaded Objects now: 2435.
Total: 2.174308 ms (FindLiveObjects: 0.190023 ms CreateObjectMapping: 0.069345 ms MarkObjects: 1.769045 ms  DeleteObjects: 0.144694 ms)

========================================================================
Received Import Request.
  Time since last request: 60.685888 seconds.
  path: Assets/Scripts/ClickingOnMainButtons.cs
  artifactKey: Guid(9471ec7e8c0cd2a45a1fc0921653ecd1) Importer(815301076,1909f56bfc062723c751e8b465ee728b)
Start importing Assets/Scripts/ClickingOnMainButtons.cs using Guid(9471ec7e8c0cd2a45a1fc0921653ecd1) Importer(815301076,1909f56bfc062723c751e8b465ee728b)  -> (artifact id: '05400795d176f279f32160383e229385') in 0.006582 seconds
  Import took 0.010805 seconds .

========================================================================
Received Import Request.
  Time since last request: 0.003723 seconds.
  path: Assets/Scripts/ClickingOnMainButtons.cs
  artifactKey: Guid(9471ec7e8c0cd2a45a1fc0921653ecd1) Importer(815301076,1909f56bfc062723c751e8b465ee728b)
Start importing Assets/Scripts/ClickingOnMainButtons.cs using Guid(9471ec7e8c0cd2a45a1fc0921653ecd1) Importer(815301076,1909f56bfc062723c751e8b465ee728b)  -> (artifact id: '05400795d176f279f32160383e229385') in 0.003158 seconds
  Import took 0.006720 seconds .

========================================================================
Received Prepare
Registering precompiled user dll's ...
Registered in 0.003643 seconds.
Begin MonoManager ReloadAssembly
Native extension for WindowsStandalone target not found
Native extension for WebGL target not found
Refreshing native plugins compatible for Editor in 0.54 ms, found 1 plugins.
Preloading 0 native plugins for Editor in 0.00 ms.
Invoked RoslynAnalysisRunner static constructor.
RoslynAnalysisRunner will not be running.
RoslynAnalysisRunner has terminated.
Mono: successfully reloaded assembly
- Completed reload, in  1.055 seconds
Platform modules already initialized, skipping
Refreshing native plugins compatible for Editor in 0.50 ms, found 1 plugins.
Preloading 0 native plugins for Editor in 0.00 ms.
Unloading 1820 Unused Serialized files (Serialized files now loaded: 0)
System memory in use before: 86.7 MB.
System memory in use after: 86.7 MB.

Unloading 15 unused Assets to reduce memory usage. Loaded Objects now: 2439.
Total: 2.243353 ms (FindLiveObjects: 0.195126 ms CreateObjectMapping: 0.066643 ms MarkObjects: 1.836589 ms  DeleteObjects: 0.143193 ms)

========================================================================
Received Import Request.
  Time since last request: 37.396436 seconds.
  path: Assets/Scripts/ClickingOnMainButtons.cs
  artifactKey: Guid(9471ec7e8c0cd2a45a1fc0921653ecd1) Importer(815301076,1909f56bfc062723c751e8b465ee728b)
Start importing Assets/Scripts/ClickingOnMainButtons.cs using Guid(9471ec7e8c0cd2a45a1fc0921653ecd1) Importer(815301076,1909f56bfc062723c751e8b465ee728b)  -> (artifact id: '654879792a2e85e09343534964a6251a') in 0.006917 seconds
  Import took 0.010380 seconds .

========================================================================
Received Import Request.
  Time since last request: 0.002794 seconds.
  path: Assets/Scripts/ClickingOnMainButtons.cs
  artifactKey: Guid(9471ec7e8c0cd2a45a1fc0921653ecd1) Importer(815301076,1909f56bfc062723c751e8b465ee728b)
Start importing Assets/Scripts/ClickingOnMainButtons.cs using Guid(9471ec7e8c0cd2a45a1fc0921653ecd1) Importer(815301076,1909f56bfc062723c751e8b465ee728b)  -> (artifact id: '654879792a2e85e09343534964a6251a') in 0.002977 seconds
  Import took 0.006062 seconds .

========================================================================
Received Prepare
Registering precompiled user dll's ...
Registered in 0.004040 seconds.
Begin MonoManager ReloadAssembly
Native extension for WindowsStandalone target not found
Native extension for WebGL target not found
Refreshing native plugins compatible for Editor in 0.52 ms, found 1 plugins.
Preloading 0 native plugins for Editor in 0.00 ms.
Invoked RoslynAnalysisRunner static constructor.
RoslynAnalysisRunner will not be running.
RoslynAnalysisRunner has terminated.
Mono: successfully reloaded assembly
- Completed reload, in  1.403 seconds
Platform modules already initialized, skipping
Refreshing native plugins compatible for Editor in 0.78 ms, found 1 plugins.
Preloading 0 native plugins for Editor in 0.00 ms.
Unloading 1820 Unused Serialized files (Serialized files now loaded: 0)
System memory in use before: 86.7 MB.
System memory in use after: 86.7 MB.

Unloading 15 unused Assets to reduce memory usage. Loaded Objects now: 2443.
Total: 2.264967 ms (FindLiveObjects: 0.185820 ms CreateObjectMapping: 0.066043 ms MarkObjects: 1.865408 ms  DeleteObjects: 0.146195 ms)

========================================================================
Received Import Request.
  Time since last request: 47.219010 seconds.
  path: Assets/Scripts/DescriptionText.cs
  artifactKey: Guid(6d03839e6c43b844381d4c2f32316947) Importer(815301076,1909f56bfc062723c751e8b465ee728b)
Start importing Assets/Scripts/DescriptionText.cs using Guid(6d03839e6c43b844381d4c2f32316947) Importer(815301076,1909f56bfc062723c751e8b465ee728b)  -> (artifact id: '76154a33067b4e650d093e2bf7e56538') in 0.006500 seconds
  Import took 0.009973 seconds .

========================================================================
Received Import Request.
  Time since last request: 0.000933 seconds.
  path: Assets/Scripts/DescriptionText.cs
  artifactKey: Guid(6d03839e6c43b844381d4c2f32316947) Importer(815301076,1909f56bfc062723c751e8b465ee728b)
Start importing Assets/Scripts/DescriptionText.cs using Guid(6d03839e6c43b844381d4c2f32316947) Importer(815301076,1909f56bfc062723c751e8b465ee728b)  -> (artifact id: '76154a33067b4e650d093e2bf7e56538') in 0.003557 seconds
  Import took 0.006922 seconds .

========================================================================
Received Import Request.
  Time since last request: 2.666212 seconds.
  path: Assets/Scripts/KnobSpot.cs
  artifactKey: Guid(d282b644ea5e1334f91b74c29c661fb0) Importer(815301076,1909f56bfc062723c751e8b465ee728b)
Start importing Assets/Scripts/KnobSpot.cs using Guid(d282b644ea5e1334f91b74c29c661fb0) Importer(815301076,1909f56bfc062723c751e8b465ee728b)  -> (artifact id: '74b76b333ce9be0ccdadfe25bce2a77a') in 0.003174 seconds
  Import took 0.007166 seconds .

========================================================================
Received Import Request.
  Time since last request: 0.002268 seconds.
  path: Assets/Scripts/KnobSpot.cs
  artifactKey: Guid(d282b644ea5e1334f91b74c29c661fb0) Importer(815301076,1909f56bfc062723c751e8b465ee728b)
Start importing Assets/Scripts/KnobSpot.cs using Guid(d282b644ea5e1334f91b74c29c661fb0) Importer(815301076,1909f56bfc062723c751e8b465ee728b)  -> (artifact id: '74b76b333ce9be0ccdadfe25bce2a77a') in 0.003343 seconds
  Import took 0.007897 seconds .

========================================================================
Received Prepare
Registering precompiled user dll's ...
Registered in 0.003719 seconds.
Begin MonoManager ReloadAssembly
Native extension for WindowsStandalone target not found
Native extension for WebGL target not found
Refreshing native plugins compatible for Editor in 0.51 ms, found 1 plugins.
Preloading 0 native plugins for Editor in 0.00 ms.
Invoked RoslynAnalysisRunner static constructor.
RoslynAnalysisRunner will not be running.
RoslynAnalysisRunner has terminated.
Mono: successfully reloaded assembly
- Completed reload, in  1.312 seconds
Platform modules already initialized, skipping
Refreshing native plugins compatible for Editor in 0.76 ms, found 1 plugins.
Preloading 0 native plugins for Editor in 0.00 ms.
Unloading 1820 Unused Serialized files (Serialized files now loaded: 0)
System memory in use before: 86.7 MB.
System memory in use after: 86.7 MB.

Unloading 15 unused Assets to reduce memory usage. Loaded Objects now: 2447.
Total: 4.860147 ms (FindLiveObjects: 0.211037 ms CreateObjectMapping: 0.068144 ms MarkObjects: 4.229739 ms  DeleteObjects: 0.348826 ms)

========================================================================
Received Import Request.
  Time since last request: 38.956504 seconds.
  path: Assets/Scripts/KnobSpot.cs
  artifactKey: Guid(d282b644ea5e1334f91b74c29c661fb0) Importer(815301076,1909f56bfc062723c751e8b465ee728b)
Start importing Assets/Scripts/KnobSpot.cs using Guid(d282b644ea5e1334f91b74c29c661fb0) Importer(815301076,1909f56bfc062723c751e8b465ee728b)  -> (artifact id: '15b83cbc3b480344f35aa686ad197c6c') in 0.006730 seconds
  Import took 0.012755 seconds .

========================================================================
Received Import Request.
  Time since last request: 12.715485 seconds.
  path: Assets/Scripts/MainButton.cs
  artifactKey: Guid(92a366c55cddd0a47993e523b7006f8f) Importer(815301076,1909f56bfc062723c751e8b465ee728b)
Start importing Assets/Scripts/MainButton.cs using Guid(92a366c55cddd0a47993e523b7006f8f) Importer(815301076,1909f56bfc062723c751e8b465ee728b)  -> (artifact id: 'd75e7af4806034248a177cc1288efd2f') in 0.003095 seconds
  Import took 0.006566 seconds .

========================================================================
Received Import Request.
  Time since last request: 0.001886 seconds.
  path: Assets/Scripts/MainButton.cs
  artifactKey: Guid(92a366c55cddd0a47993e523b7006f8f) Importer(815301076,1909f56bfc062723c751e8b465ee728b)
Start importing Assets/Scripts/MainButton.cs using Guid(92a366c55cddd0a47993e523b7006f8f) Importer(815301076,1909f56bfc062723c751e8b465ee728b)  -> (artifact id: 'd75e7af4806034248a177cc1288efd2f') in 0.003104 seconds
  Import took 0.006315 seconds .

========================================================================
Received Import Request.
  Time since last request: 0.082721 seconds.
  path: Assets/Scripts/MuteButton.cs
  artifactKey: Guid(d108a3149ed0fdd4197782613686c3a2) Importer(815301076,1909f56bfc062723c751e8b465ee728b)
Start importing Assets/Scripts/MuteButton.cs using Guid(d108a3149ed0fdd4197782613686c3a2) Importer(815301076,1909f56bfc062723c751e8b465ee728b)  -> (artifact id: '8eaf5744078fe6ef29de90b60df2b812') in 0.003928 seconds
  Import took 0.007256 seconds .

========================================================================
Received Import Request.
  Time since last request: 0.002670 seconds.
  path: Assets/Scripts/MuteButton.cs
  artifactKey: Guid(d108a3149ed0fdd4197782613686c3a2) Importer(815301076,1909f56bfc062723c751e8b465ee728b)
Start importing Assets/Scripts/MuteButton.cs using Guid(d108a3149ed0fdd4197782613686c3a2) Importer(815301076,1909f56bfc062723c751e8b465ee728b)  -> (artifact id: '8eaf5744078fe6ef29de90b60df2b812') in 0.003418 seconds
  Import took 0.006929 seconds .

AssetImportWorkerClient::OnTransportError - code=2 error=End of file
